<?xml version="1.0" encoding="UTF-8"?>
<!-- Generated by org.testng.reporters.JUnitXMLReporter -->
<testsuite ignored="2" hostname="SIXNS289" failures="0" tests="1" name="Default test" time="92.079" errors="0" timestamp="2021-09-10T00:47:17 CEST">
  <testcase classname="local.HLVTestApp.loginandsignuptests.PositiveLoginTest" name="verifySuccessfullSignUpAction" time="88.557"/>
  <testcase classname="local.HLVTestApp.loginandsignuptests.PositiveLoginTest" name="verifySuccessfullLoginActionOnLoginPage" time="0.0">
    <ignored/>
  </testcase> <!-- verifySuccessfullLoginActionOnLoginPage -->
  <testcase classname="local.HLVTestApp.loginandsignuptests.PositiveLoginTest" name="verifySuccessfullLoginActionOnMainPage" time="0.0">
    <ignored/>
  </testcase> <!-- verifySuccessfullLoginActionOnMainPage -->
</testsuite> <!-- Default test -->
