<?xml version="1.0" encoding="UTF-8"?>
<!-- Generated by org.testng.reporters.JUnitXMLReporter -->
<testsuite ignored="0" hostname="Aleksandar" failures="0" tests="5" name="FindByUsernameTests" time="0.218" errors="0" timestamp="2021-09-16T17:35:28 CEST">
  <testcase classname="local.HLVTestApp.APITests.API_FindByUsernameTests" name="API_FindByUsername" time="0.04"/>
  <testcase classname="local.HLVTestApp.APITests.API_FindByUsernameTests" name="API_FindByUsername" time="0.014"/>
  <testcase classname="local.HLVTestApp.APITests.API_FindByUsernameTests" name="API_FindByUsername" time="0.02"/>
  <testcase classname="local.HLVTestApp.APITests.API_FindByUsernameTests" name="API_FindByUsername" time="0.016"/>
  <testcase classname="local.HLVTestApp.APITests.API_FindByUsernameTests" name="API_FindByUsername" time="0.123"/>
</testsuite> <!-- FindByUsernameTests -->
