<?xml version="1.0" encoding="UTF-8"?>
<!-- Generated by org.testng.reporters.JUnitXMLReporter -->
<testsuite ignored="0" hostname="SIXNS289" failures="0" tests="2" name="FailedUserRegistrationTest1-CH" time="5.253" errors="0" timestamp="2021-09-16T11:11:00 CEST">
  <testcase classname="local.HLVTestApp.loginandsignuptests.NegativeSignUpTests" name="verifyUnsuccessfulSignUpAction" time="0.716"/>
  <testcase classname="local.HLVTestApp.loginandsignuptests.NegativeSignUpTests" name="verifyUnsuccessfulSignUpAction" time="0.717"/>
</testsuite> <!-- FailedUserRegistrationTest1-CH -->
