<?xml version="1.0" encoding="UTF-8"?>
<!-- Generated by org.testng.reporters.JUnitXMLReporter -->
<testsuite ignored="0" hostname="Aleksandar" failures="0" tests="2" name="FailedUserRegistrationTest2-FF" time="8.242" errors="0" timestamp="2021-09-16T17:36:29 CEST">
  <testcase classname="local.HLVTestApp.loginandsignuptests.NegativeSignUpTests" name="verifyUnsuccessfulSignUpAction" time="0.494"/>
  <testcase classname="local.HLVTestApp.loginandsignuptests.NegativeSignUpTests" name="verifyUnsuccessfulSignUpAction" time="0.426"/>
</testsuite> <!-- FailedUserRegistrationTest2-FF -->
