<?xml version="1.0" encoding="UTF-8"?>
<!-- Generated by org.testng.reporters.JUnitXMLReporter -->
<testsuite ignored="0" hostname="Aleksandar" failures="0" tests="2" name="FailedUserRegistrationTest1-CH" time="5.825" errors="0" timestamp="2021-09-15T19:19:56 CEST">
  <testcase classname="local.HLVTestApp.loginandsignuptests.NegativeSignUpTests" name="verifyUnsuccessfulSignUpAction" time="0.953"/>
  <testcase classname="local.HLVTestApp.loginandsignuptests.NegativeSignUpTests" name="verifyUnsuccessfulSignUpAction" time="0.978"/>
</testsuite> <!-- FailedUserRegistrationTest1-CH -->
