<?xml version="1.0" encoding="UTF-8"?>
<!-- Generated by org.testng.reporters.JUnitXMLReporter -->
<testsuite ignored="0" hostname="SIXNS289" failures="0" tests="2" name="FailedUserRegistrationTest2-FF" time="8.869" errors="0" timestamp="2021-09-16T11:11:09 CEST">
  <testcase classname="local.HLVTestApp.loginandsignuptests.NegativeSignUpTests" name="verifyUnsuccessfulSignUpAction" time="0.585"/>
  <testcase classname="local.HLVTestApp.loginandsignuptests.NegativeSignUpTests" name="verifyUnsuccessfulSignUpAction" time="0.52"/>
</testsuite> <!-- FailedUserRegistrationTest2-FF -->
