<?xml version="1.0" encoding="UTF-8"?>
<!-- Generated by org.testng.reporters.JUnitXMLReporter -->
<testsuite ignored="0" hostname="Aleksandar" failures="2" tests="4" name="PositiveLoginOnMainPageTest2-FF" time="16.451" errors="0" timestamp="2021-09-16T12:09:08 CEST">
  <testcase classname="local.HLVTestApp.loginandsignuptests.PositiveLoginTests" name="verifySuccessfulLoginActionOnLoginPage" time="0.551"/>
  <testcase classname="local.HLVTestApp.loginandsignuptests.PositiveLoginTests" name="verifySuccessfulLoginActionOnLoginPage" time="0.48"/>
  <testcase classname="local.HLVTestApp.loginandsignuptests.PositiveLoginTests" name="verifySuccessfulLoginActionOnMainPage" time="0.343">
    <failure type="java.lang.AssertionError" message="expected [http://localhost:8080/login] but found [http://localhost:8080/?username=testUsername1&amp;amp;password=testPassword1]">
      <![CDATA[java.lang.AssertionError: expected [http://localhost:8080/login] but found [http://localhost:8080/?username=testUsername1&password=testPassword1]
at local.HLVTestApp.loginandsignuptests.PositiveLoginTests.verifySuccessfulLoginActionOnMainPage(PositiveLoginTests.java:36)
at java.base/java.util.ArrayList.forEach(ArrayList.java:1541)
... Removed 33 stack frames]]>
    </failure>
  </testcase> <!-- verifySuccessfulLoginActionOnMainPage -->
  <testcase classname="local.HLVTestApp.loginandsignuptests.PositiveLoginTests" name="verifySuccessfulLoginActionOnMainPage" time="0.342">
    <failure type="java.lang.AssertionError" message="expected [http://localhost:8080/login] but found [http://localhost:8080/?username=testUsername2&amp;amp;password=testPassword2]">
      <![CDATA[java.lang.AssertionError: expected [http://localhost:8080/login] but found [http://localhost:8080/?username=testUsername2&password=testPassword2]
at local.HLVTestApp.loginandsignuptests.PositiveLoginTests.verifySuccessfulLoginActionOnMainPage(PositiveLoginTests.java:36)
at java.base/java.util.ArrayList.forEach(ArrayList.java:1541)
... Removed 33 stack frames]]>
    </failure>
  </testcase> <!-- verifySuccessfulLoginActionOnMainPage -->
</testsuite> <!-- PositiveLoginOnMainPageTest2-FF -->
