<?xml version="1.0" encoding="UTF-8"?>
<!-- Generated by org.testng.reporters.JUnitXMLReporter -->
<testsuite ignored="1" hostname="SIXNS289" failures="0" tests="1" name="PositiveLoginPasswordOnLoginPageTest-CH" time="7.775" errors="0" timestamp="2021-09-10T13:28:35 CEST">
  <testcase classname="local.HLVTestApp.loginandsignuptests.PositiveLoginTests" name="verifySuccessfullLoginActionOnLoginPage" time="2.681"/>
  <testcase classname="local.HLVTestApp.loginandsignuptests.PositiveLoginTests" name="verifySuccessfullLoginActionOnMainPage" time="0.0">
    <ignored/>
  </testcase> <!-- verifySuccessfullLoginActionOnMainPage -->
</testsuite> <!-- PositiveLoginPasswordOnLoginPageTest-CH -->
