<?xml version="1.0" encoding="UTF-8"?>
<!-- Generated by org.testng.reporters.JUnitXMLReporter -->
<testsuite ignored="1" hostname="SIXNS289" failures="0" tests="1" name="PositiveLoginPasswordOnLoginPageTest-FF" time="12.17" errors="0" timestamp="2021-09-10T14:12:34 CEST">
  <testcase classname="local.HLVTestApp.loginandsignuptests.PositiveLoginTests" name="verifySuccessfullLoginActionOnLoginPage" time="1.542"/>
  <testcase classname="local.HLVTestApp.loginandsignuptests.PositiveLoginTests" name="verifySuccessfullLoginActionOnMainPage" time="0.0">
    <ignored/>
  </testcase> <!-- verifySuccessfullLoginActionOnMainPage -->
</testsuite> <!-- PositiveLoginPasswordOnLoginPageTest-FF -->
