<?xml version="1.0" encoding="UTF-8"?>
<!-- Generated by org.testng.reporters.JUnitXMLReporter -->
<testsuite ignored="0" hostname="SIXNS289" failures="2" tests="4" name="PositiveLoginTest" time="17.841" errors="0" timestamp="2021-09-10T01:53:47 CEST">
  <testcase classname="local.HLVTestApp.loginandsignuptests.PositiveLoginTest" name="verifySuccessfullLoginActionOnLoginPage" time="3.919"/>
  <testcase classname="local.HLVTestApp.loginandsignuptests.PositiveLoginTest" name="verifySuccessfullLoginActionOnMainPage" time="0.682">
    <failure type="java.lang.AssertionError" message="expected [http://localhost:8080/login] but found [http://localhost:8080/?username=test1&amp;amp;password=test1]">
      <![CDATA[java.lang.AssertionError: expected [http://localhost:8080/login] but found [http://localhost:8080/?username=test1&password=test1]
at local.HLVTestApp.loginandsignuptests.PositiveLoginTest.verifySuccessfullLoginActionOnMainPage(PositiveLoginTest.java:22)
at java.base/java.util.ArrayList.forEach(ArrayList.java:1511)
... Removed 33 stack frames]]>
    </failure>
  </testcase> <!-- verifySuccessfullLoginActionOnMainPage -->
  <testcase classname="local.HLVTestApp.loginandsignuptests.PositiveLoginTest" name="verifySuccessfullSignUpAction" time="1.139">
    <failure type="java.lang.AssertionError" message="expected [Oops! There is already a user registered with the email provided.] but found [User has been successfully registered.]">
      <![CDATA[java.lang.AssertionError: expected [Oops! There is already a user registered with the email provided.] but found [User has been successfully registered.]
at local.HLVTestApp.loginandsignuptests.PositiveLoginTest.verifySuccessfullSignUpAction(PositiveLoginTest.java:65)
at java.base/java.util.ArrayList.forEach(ArrayList.java:1511)
... Removed 33 stack frames]]>
    </failure>
  </testcase> <!-- verifySuccessfullSignUpAction -->
  <testcase classname="local.HLVTestApp.loginandsignuptests.PositiveLoginTest" name="verifyUnsuccessfullSignUpAction" time="1.138"/>
</testsuite> <!-- PositiveLoginTest -->
