<?xml version="1.0" encoding="UTF-8"?>
<!-- Generated by org.testng.reporters.JUnitXMLReporter -->
<testsuite ignored="1" hostname="Aleksandar" failures="0" tests="2" name="UserRegistrationTest1-CH" time="10.72" errors="0" timestamp="2021-09-15T11:35:24 CEST">
  <testcase classname="local.HLVTestApp.loginandsignuptests.PositiveSignUpTests" name="verifySuccessfulSignUpActionChrome" time="4.614"/>
  <testcase classname="local.HLVTestApp.loginandsignuptests.PositiveSignUpTests" name="verifySuccessfulSignUpActionChrome" time="0.983"/>
  <testcase classname="local.HLVTestApp.loginandsignuptests.PositiveSignUpTests" name="verifySuccessfulSignUpActionFirefox" time="0.0">
    <ignored/>
  </testcase> <!-- verifySuccessfulSignUpActionFirefox -->
</testsuite> <!-- UserRegistrationTest1-CH -->
