<?xml version="1.0" encoding="UTF-8"?>
<!-- Generated by org.testng.reporters.JUnitXMLReporter -->
<testsuite ignored="1" hostname="Aleksandar" failures="0" tests="2" name="UserRegistrationTest2-FF" time="13.276" errors="0" timestamp="2021-09-15T11:35:26 CEST">
  <testcase classname="local.HLVTestApp.loginandsignuptests.PositiveSignUpTests" name="verifySuccessfulSignUpActionFirefox" time="1.715"/>
  <testcase classname="local.HLVTestApp.loginandsignuptests.PositiveSignUpTests" name="verifySuccessfulSignUpActionFirefox" time="0.593"/>
  <testcase classname="local.HLVTestApp.loginandsignuptests.PositiveSignUpTests" name="verifySuccessfulSignUpActionChrome" time="0.0">
    <ignored/>
  </testcase> <!-- verifySuccessfulSignUpActionChrome -->
</testsuite> <!-- UserRegistrationTest2-FF -->
