<?xml version="1.0" encoding="UTF-8"?>
<!-- Generated by org.testng.reporters.JUnitXMLReporter -->
<testsuite ignored="1" hostname="Aleksandar" failures="2" tests="2" name="UserRegistrationTest1-CH" time="8.428" errors="0" timestamp="2021-09-15T19:19:13 CEST">
  <testcase classname="local.HLVTestApp.loginandsignuptests.PositiveSignUpTests" name="verifySuccessfulSignUpActionChrome" time="1.2">
    <failure type="java.lang.AssertionError" message="expected [User has been successfully registered.] but found [Oops! There is already a user registered with the email provided.]">
      <![CDATA[java.lang.AssertionError: expected [User has been successfully registered.] but found [Oops! There is already a user registered with the email provided.]
at local.HLVTestApp.loginandsignuptests.PositiveSignUpTests.verifySuccessfulSignUpAction(PositiveSignUpTests.java:51)
at local.HLVTestApp.loginandsignuptests.PositiveSignUpTests.verifySuccessfulSignUpActionChrome(PositiveSignUpTests.java:57)
at java.base/java.util.ArrayList.forEach(ArrayList.java:1541)
... Removed 35 stack frames]]>
    </failure>
  </testcase> <!-- verifySuccessfulSignUpActionChrome -->
  <testcase classname="local.HLVTestApp.loginandsignuptests.PositiveSignUpTests" name="verifySuccessfulSignUpActionChrome" time="1.11">
    <failure type="java.lang.AssertionError" message="expected [User has been successfully registered.] but found [Oops! There is already a user registered with the email provided.]">
      <![CDATA[java.lang.AssertionError: expected [User has been successfully registered.] but found [Oops! There is already a user registered with the email provided.]
at local.HLVTestApp.loginandsignuptests.PositiveSignUpTests.verifySuccessfulSignUpAction(PositiveSignUpTests.java:51)
at local.HLVTestApp.loginandsignuptests.PositiveSignUpTests.verifySuccessfulSignUpActionChrome(PositiveSignUpTests.java:57)
at java.base/java.util.ArrayList.forEach(ArrayList.java:1541)
... Removed 35 stack frames]]>
    </failure>
  </testcase> <!-- verifySuccessfulSignUpActionChrome -->
  <testcase classname="local.HLVTestApp.loginandsignuptests.PositiveSignUpTests" name="verifySuccessfulSignUpActionFirefox" time="0.0">
    <ignored/>
  </testcase> <!-- verifySuccessfulSignUpActionFirefox -->
</testsuite> <!-- UserRegistrationTest1-CH -->
