<?xml version="1.0" encoding="UTF-8"?>
<!-- Generated by org.testng.reporters.JUnitXMLReporter -->
<testsuite ignored="1" hostname="SIXNS289" failures="0" tests="2" name="UserRegistrationTest2-FF" time="9.635" errors="0" timestamp="2021-09-16T11:10:24 CEST">
  <testcase classname="local.HLVTestApp.loginandsignuptests.PositiveSignUpTests" name="verifySuccessfulSignUpActionFirefox" time="0.621"/>
  <testcase classname="local.HLVTestApp.loginandsignuptests.PositiveSignUpTests" name="verifySuccessfulSignUpActionFirefox" time="0.576"/>
  <testcase classname="local.HLVTestApp.loginandsignuptests.PositiveSignUpTests" name="verifySuccessfulSignUpActionChrome" time="0.0">
    <ignored/>
  </testcase> <!-- verifySuccessfulSignUpActionChrome -->
</testsuite> <!-- UserRegistrationTest2-FF -->
