<?xml version="1.0" encoding="UTF-8"?>
<!-- Generated by org.testng.reporters.JUnitXMLReporter -->
<testsuite ignored="0" hostname="Aleksandar" failures="0" tests="5" name="DeleteByUsernameTests" time="0.107" errors="0" timestamp="2021-09-15T21:17:08 CEST">
  <testcase classname="local.HLVTestApp.APITests.API_DeleteByUsernameTests" name="API_DeleteByUsername" time="0.047"/>
  <testcase classname="local.HLVTestApp.APITests.API_DeleteByUsernameTests" name="API_DeleteByUsername" time="0.016"/>
  <testcase classname="local.HLVTestApp.APITests.API_DeleteByUsernameTests" name="API_DeleteByUsername" time="0.015"/>
  <testcase classname="local.HLVTestApp.APITests.API_DeleteByUsernameTests" name="API_DeleteByUsername" time="0.009"/>
  <testcase classname="local.HLVTestApp.APITests.API_DeleteByUsernameTests" name="API_DeleteByUsername" time="0.014"/>
</testsuite> <!-- DeleteByUsernameTests -->
