<?xml version="1.0" encoding="UTF-8"?>
<testng-results ignored="4" total="8" passed="2" failed="2" skipped="0">
  <reporter-output>
  </reporter-output>
  <suite started-at="2021-09-10T13:28:28 CEST" name="PositiveLoginTestSuite" finished-at="2021-09-10T13:28:39 CEST" duration-ms="11828">
    <groups>
    </groups>
    <test started-at="2021-09-10T13:28:28 CEST" name="PositiveLoginUsernameOnMainPageTest-CH" finished-at="2021-09-10T13:28:35 CEST" duration-ms="7796">
      <class name="local.HLVTestApp.loginandsignuptests.PositiveLoginTests">
        <test-method is-config="true" signature="setUp(java.lang.String,org.testng.ITestContext)[pri:0, instance:local.HLVTestApp.loginandsignuptests.PositiveLoginTests@3835c46]" started-at="2021-09-10T13:28:28 CEST" name="setUp" finished-at="2021-09-10T13:28:32 CEST" duration-ms="3985" status="PASS">
          <params>
            <param index="0">
              <value>
                <![CDATA[chrome]]>
              </value>
            </param>
            <param index="1">
              <value>
                <![CDATA[org.testng.TestRunner@30c15d8b]]>
              </value>
            </param>
          </params>
          <reporter-output>
          </reporter-output>
        </test-method> <!-- setUp -->
        <test-method signature="verifySuccessfullLoginActionOnMainPage(java.lang.String,java.lang.String)[pri:0, instance:local.HLVTestApp.loginandsignuptests.PositiveLoginTests@3835c46]" started-at="2021-09-10T13:28:32 CEST" name="verifySuccessfullLoginActionOnMainPage" finished-at="2021-09-10T13:28:34 CEST" duration-ms="2129" status="FAIL">
          <params>
            <param index="0">
              <value>
                <![CDATA[testUsername1]]>
              </value>
            </param>
            <param index="1">
              <value>
                <![CDATA[testPassword1]]>
              </value>
            </param>
          </params>
          <exception class="java.lang.AssertionError">
            <message>
              <![CDATA[expected [http://localhost:8080/login] but found [http://localhost:8080/?username=testUsername1&password=testPassword1]]]>
            </message>
            <full-stacktrace>
              <![CDATA[java.lang.AssertionError: expected [http://localhost:8080/login] but found [http://localhost:8080/?username=testUsername1&password=testPassword1]
at org.testng.Assert.fail(Assert.java:99)
at org.testng.Assert.failNotEquals(Assert.java:1037)
at org.testng.Assert.assertEqualsImpl(Assert.java:140)
at org.testng.Assert.assertEquals(Assert.java:122)
at org.testng.Assert.assertEquals(Assert.java:629)
at org.testng.Assert.assertEquals(Assert.java:639)
at local.HLVTestApp.loginandsignuptests.PositiveLoginTests.verifySuccessfullLoginActionOnMainPage(PositiveLoginTests.java:23)
at java.base/jdk.internal.reflect.NativeMethodAccessorImpl.invoke0(Native Method)
at java.base/jdk.internal.reflect.NativeMethodAccessorImpl.invoke(NativeMethodAccessorImpl.java:64)
at java.base/jdk.internal.reflect.DelegatingMethodAccessorImpl.invoke(DelegatingMethodAccessorImpl.java:43)
at java.base/java.lang.reflect.Method.invoke(Method.java:564)
at org.testng.internal.MethodInvocationHelper.invokeMethod(MethodInvocationHelper.java:133)
at org.testng.internal.TestInvoker.invokeMethod(TestInvoker.java:598)
at org.testng.internal.TestInvoker.invokeTestMethod(TestInvoker.java:173)
at org.testng.internal.MethodRunner.runInSequence(MethodRunner.java:46)
at org.testng.internal.TestInvoker$MethodInvocationAgent.invoke(TestInvoker.java:824)
at org.testng.internal.TestInvoker.invokeTestMethods(TestInvoker.java:146)
at org.testng.internal.TestMethodWorker.invokeTestMethods(TestMethodWorker.java:146)
at org.testng.internal.TestMethodWorker.run(TestMethodWorker.java:128)
at java.base/java.util.ArrayList.forEach(ArrayList.java:1511)
at org.testng.TestRunner.privateRun(TestRunner.java:794)
at org.testng.TestRunner.run(TestRunner.java:596)
at org.testng.SuiteRunner.runTest(SuiteRunner.java:377)
at org.testng.SuiteRunner.access$000(SuiteRunner.java:28)
at org.testng.SuiteRunner$SuiteWorker.run(SuiteRunner.java:418)
at org.testng.internal.thread.ThreadUtil.lambda$execute$0(ThreadUtil.java:64)
at java.base/java.util.concurrent.FutureTask.run(FutureTask.java:264)
at java.base/java.util.concurrent.ThreadPoolExecutor.runWorker(ThreadPoolExecutor.java:1130)
at java.base/java.util.concurrent.ThreadPoolExecutor$Worker.run(ThreadPoolExecutor.java:630)
at java.base/java.lang.Thread.run(Thread.java:832)
]]>
            </full-stacktrace>
          </exception> <!-- java.lang.AssertionError -->
          <reporter-output>
          </reporter-output>
        </test-method> <!-- verifySuccessfullLoginActionOnMainPage -->
        <test-method is-config="true" signature="tearDown()[pri:0, instance:local.HLVTestApp.loginandsignuptests.PositiveLoginTests@3835c46]" started-at="2021-09-10T13:28:34 CEST" name="tearDown" finished-at="2021-09-10T13:28:35 CEST" duration-ms="1621" status="PASS">
          <reporter-output>
          </reporter-output>
        </test-method> <!-- tearDown -->
      </class> <!-- local.HLVTestApp.loginandsignuptests.PositiveLoginTests -->
    </test> <!-- PositiveLoginUsernameOnMainPageTest-CH -->
    <test started-at="2021-09-10T13:28:28 CEST" name="PositiveLoginPasswordOnLoginPageTest-CH" finished-at="2021-09-10T13:28:35 CEST" duration-ms="7775">
      <class name="local.HLVTestApp.loginandsignuptests.PositiveLoginTests">
        <test-method is-config="true" signature="setUp(java.lang.String,org.testng.ITestContext)[pri:0, instance:local.HLVTestApp.loginandsignuptests.PositiveLoginTests@6adbc9d]" started-at="2021-09-10T13:28:28 CEST" name="setUp" finished-at="2021-09-10T13:28:32 CEST" duration-ms="3945" status="PASS">
          <params>
            <param index="0">
              <value>
                <![CDATA[chrome]]>
              </value>
            </param>
            <param index="1">
              <value>
                <![CDATA[org.testng.TestRunner@6b2ea799]]>
              </value>
            </param>
          </params>
          <reporter-output>
          </reporter-output>
        </test-method> <!-- setUp -->
        <test-method signature="verifySuccessfullLoginActionOnLoginPage(java.lang.String,java.lang.String)[pri:0, instance:local.HLVTestApp.loginandsignuptests.PositiveLoginTests@6adbc9d]" started-at="2021-09-10T13:28:32 CEST" name="verifySuccessfullLoginActionOnLoginPage" finished-at="2021-09-10T13:28:34 CEST" duration-ms="2681" status="PASS">
          <params>
            <param index="0">
              <value>
                <![CDATA[testUsername1]]>
              </value>
            </param>
            <param index="1">
              <value>
                <![CDATA[testPassword1]]>
              </value>
            </param>
          </params>
          <reporter-output>
          </reporter-output>
        </test-method> <!-- verifySuccessfullLoginActionOnLoginPage -->
        <test-method is-config="true" signature="tearDown()[pri:0, instance:local.HLVTestApp.loginandsignuptests.PositiveLoginTests@6adbc9d]" started-at="2021-09-10T13:28:34 CEST" name="tearDown" finished-at="2021-09-10T13:28:35 CEST" duration-ms="1083" status="PASS">
          <reporter-output>
          </reporter-output>
        </test-method> <!-- tearDown -->
      </class> <!-- local.HLVTestApp.loginandsignuptests.PositiveLoginTests -->
    </test> <!-- PositiveLoginPasswordOnLoginPageTest-CH -->
    <test started-at="2021-09-10T13:28:28 CEST" name="PositiveLoginPasswordOnLoginPageTest-FF" finished-at="2021-09-10T13:28:39 CEST" duration-ms="11812">
      <class name="local.HLVTestApp.loginandsignuptests.PositiveLoginTests">
        <test-method is-config="true" signature="setUp(java.lang.String,org.testng.ITestContext)[pri:0, instance:local.HLVTestApp.loginandsignuptests.PositiveLoginTests@4efbca5a]" started-at="2021-09-10T13:28:28 CEST" name="setUp" finished-at="2021-09-10T13:28:36 CEST" duration-ms="8772" status="PASS">
          <params>
            <param index="0">
              <value>
                <![CDATA[firefox]]>
              </value>
            </param>
            <param index="1">
              <value>
                <![CDATA[org.testng.TestRunner@411f53a0]]>
              </value>
            </param>
          </params>
          <reporter-output>
          </reporter-output>
        </test-method> <!-- setUp -->
        <test-method signature="verifySuccessfullLoginActionOnLoginPage(java.lang.String,java.lang.String)[pri:0, instance:local.HLVTestApp.loginandsignuptests.PositiveLoginTests@4efbca5a]" started-at="2021-09-10T13:28:36 CEST" name="verifySuccessfullLoginActionOnLoginPage" finished-at="2021-09-10T13:28:38 CEST" duration-ms="1619" status="PASS">
          <params>
            <param index="0">
              <value>
                <![CDATA[testUsername1]]>
              </value>
            </param>
            <param index="1">
              <value>
                <![CDATA[testPassword1]]>
              </value>
            </param>
          </params>
          <reporter-output>
          </reporter-output>
        </test-method> <!-- verifySuccessfullLoginActionOnLoginPage -->
        <test-method is-config="true" signature="tearDown()[pri:0, instance:local.HLVTestApp.loginandsignuptests.PositiveLoginTests@4efbca5a]" started-at="2021-09-10T13:28:38 CEST" name="tearDown" finished-at="2021-09-10T13:28:39 CEST" duration-ms="1366" status="PASS">
          <reporter-output>
          </reporter-output>
        </test-method> <!-- tearDown -->
      </class> <!-- local.HLVTestApp.loginandsignuptests.PositiveLoginTests -->
    </test> <!-- PositiveLoginPasswordOnLoginPageTest-FF -->
    <test started-at="2021-09-10T13:28:28 CEST" name="PositiveLoginUsernameOnMainPageTest-FF" finished-at="2021-09-10T13:28:39 CEST" duration-ms="11828">
      <class name="local.HLVTestApp.loginandsignuptests.PositiveLoginTests">
        <test-method is-config="true" signature="setUp(java.lang.String,org.testng.ITestContext)[pri:0, instance:local.HLVTestApp.loginandsignuptests.PositiveLoginTests@2b662a77]" started-at="2021-09-10T13:28:28 CEST" name="setUp" finished-at="2021-09-10T13:28:37 CEST" duration-ms="9383" status="PASS">
          <params>
            <param index="0">
              <value>
                <![CDATA[firefox]]>
              </value>
            </param>
            <param index="1">
              <value>
                <![CDATA[org.testng.TestRunner@2b71e916]]>
              </value>
            </param>
          </params>
          <reporter-output>
          </reporter-output>
        </test-method> <!-- setUp -->
        <test-method signature="verifySuccessfullLoginActionOnMainPage(java.lang.String,java.lang.String)[pri:0, instance:local.HLVTestApp.loginandsignuptests.PositiveLoginTests@2b662a77]" started-at="2021-09-10T13:28:37 CEST" name="verifySuccessfullLoginActionOnMainPage" finished-at="2021-09-10T13:28:38 CEST" duration-ms="1052" status="FAIL">
          <params>
            <param index="0">
              <value>
                <![CDATA[testUsername1]]>
              </value>
            </param>
            <param index="1">
              <value>
                <![CDATA[testPassword1]]>
              </value>
            </param>
          </params>
          <exception class="java.lang.AssertionError">
            <message>
              <![CDATA[expected [http://localhost:8080/login] but found [http://localhost:8080/?username=testUsername1&password=testPassword1]]]>
            </message>
            <full-stacktrace>
              <![CDATA[java.lang.AssertionError: expected [http://localhost:8080/login] but found [http://localhost:8080/?username=testUsername1&password=testPassword1]
at org.testng.Assert.fail(Assert.java:99)
at org.testng.Assert.failNotEquals(Assert.java:1037)
at org.testng.Assert.assertEqualsImpl(Assert.java:140)
at org.testng.Assert.assertEquals(Assert.java:122)
at org.testng.Assert.assertEquals(Assert.java:629)
at org.testng.Assert.assertEquals(Assert.java:639)
at local.HLVTestApp.loginandsignuptests.PositiveLoginTests.verifySuccessfullLoginActionOnMainPage(PositiveLoginTests.java:23)
at java.base/jdk.internal.reflect.NativeMethodAccessorImpl.invoke0(Native Method)
at java.base/jdk.internal.reflect.NativeMethodAccessorImpl.invoke(NativeMethodAccessorImpl.java:64)
at java.base/jdk.internal.reflect.DelegatingMethodAccessorImpl.invoke(DelegatingMethodAccessorImpl.java:43)
at java.base/java.lang.reflect.Method.invoke(Method.java:564)
at org.testng.internal.MethodInvocationHelper.invokeMethod(MethodInvocationHelper.java:133)
at org.testng.internal.TestInvoker.invokeMethod(TestInvoker.java:598)
at org.testng.internal.TestInvoker.invokeTestMethod(TestInvoker.java:173)
at org.testng.internal.MethodRunner.runInSequence(MethodRunner.java:46)
at org.testng.internal.TestInvoker$MethodInvocationAgent.invoke(TestInvoker.java:824)
at org.testng.internal.TestInvoker.invokeTestMethods(TestInvoker.java:146)
at org.testng.internal.TestMethodWorker.invokeTestMethods(TestMethodWorker.java:146)
at org.testng.internal.TestMethodWorker.run(TestMethodWorker.java:128)
at java.base/java.util.ArrayList.forEach(ArrayList.java:1511)
at org.testng.TestRunner.privateRun(TestRunner.java:794)
at org.testng.TestRunner.run(TestRunner.java:596)
at org.testng.SuiteRunner.runTest(SuiteRunner.java:377)
at org.testng.SuiteRunner.access$000(SuiteRunner.java:28)
at org.testng.SuiteRunner$SuiteWorker.run(SuiteRunner.java:418)
at org.testng.internal.thread.ThreadUtil.lambda$execute$0(ThreadUtil.java:64)
at java.base/java.util.concurrent.FutureTask.run(FutureTask.java:264)
at java.base/java.util.concurrent.ThreadPoolExecutor.runWorker(ThreadPoolExecutor.java:1130)
at java.base/java.util.concurrent.ThreadPoolExecutor$Worker.run(ThreadPoolExecutor.java:630)
at java.base/java.lang.Thread.run(Thread.java:832)
]]>
            </full-stacktrace>
          </exception> <!-- java.lang.AssertionError -->
          <reporter-output>
          </reporter-output>
        </test-method> <!-- verifySuccessfullLoginActionOnMainPage -->
        <test-method is-config="true" signature="tearDown()[pri:0, instance:local.HLVTestApp.loginandsignuptests.PositiveLoginTests@2b662a77]" started-at="2021-09-10T13:28:38 CEST" name="tearDown" finished-at="2021-09-10T13:28:39 CEST" duration-ms="1322" status="PASS">
          <reporter-output>
          </reporter-output>
        </test-method> <!-- tearDown -->
      </class> <!-- local.HLVTestApp.loginandsignuptests.PositiveLoginTests -->
    </test> <!-- PositiveLoginUsernameOnMainPageTest-FF -->
  </suite> <!-- PositiveLoginTestSuite -->
</testng-results>
