<?xml version="1.0" encoding="UTF-8"?>
<testng-results ignored="0" total="1" passed="1" failed="0" skipped="0">
  <reporter-output>
  </reporter-output>
  <suite started-at="2021-09-15T14:45:19 CEST" name="DeleteAllUsersTestSuite" finished-at="2021-09-15T14:45:20 CEST" duration-ms="1341">
    <groups>
    </groups>
    <test started-at="2021-09-15T14:45:19 CEST" name="DeleteAllUsersTests" finished-at="2021-09-15T14:45:20 CEST" duration-ms="1341">
      <class name="local.HLVTestApp.APITests.API_DeleteAllUsersTests">
        <test-method signature="API_DeleteAllUsers(java.util.Map)[pri:0, instance:local.HLVTestApp.APITests.API_DeleteAllUsersTests@49c7b90e]" started-at="2021-09-15T14:45:19 CEST" name="API_DeleteAllUsers" data-provider="csvReader" finished-at="2021-09-15T14:45:20 CEST" duration-ms="1282" status="PASS">
          <params>
            <param index="0">
              <value>
                <![CDATA[{no=1, description=Delete all users, body=All users removed, statusCode=200}]]>
              </value>
            </param>
          </params>
          <reporter-output>
          </reporter-output>
        </test-method> <!-- API_DeleteAllUsers -->
      </class> <!-- local.HLVTestApp.APITests.API_DeleteAllUsersTests -->
    </test> <!-- DeleteAllUsersTests -->
  </suite> <!-- DeleteAllUsersTestSuite -->
</testng-results>
