<?xml version="1.0" encoding="UTF-8"?>
<testng-results ignored="2" total="3" passed="1" failed="0" skipped="0">
  <reporter-output>
  </reporter-output>
  <suite started-at="2021-09-10T00:45:45 CEST" name="Default suite" finished-at="2021-09-10T00:47:17 CEST" duration-ms="92079">
    <groups>
    </groups>
    <test started-at="2021-09-10T00:45:45 CEST" name="Default test" finished-at="2021-09-10T00:47:17 CEST" duration-ms="92079">
      <class name="local.HLVTestApp.loginandsignuptests.PositiveLoginTest">
        <test-method is-config="true" signature="setUp(java.lang.String)[pri:0, instance:local.HLVTestApp.loginandsignuptests.PositiveLoginTest@1ea9f6af]" started-at="2021-09-10T00:45:45 CEST" name="setUp" finished-at="2021-09-10T00:45:48 CEST" duration-ms="2808" status="PASS">
          <params>
            <param index="0">
              <value>
                <![CDATA[chrome]]>
              </value>
            </param>
          </params>
          <reporter-output>
          </reporter-output>
        </test-method> <!-- setUp -->
        <test-method signature="verifySuccessfullSignUpAction()[pri:0, instance:local.HLVTestApp.loginandsignuptests.PositiveLoginTest@1ea9f6af]" started-at="2021-09-10T00:45:48 CEST" name="verifySuccessfullSignUpAction" finished-at="2021-09-10T00:47:16 CEST" duration-ms="88557" status="PASS">
          <reporter-output>
          </reporter-output>
        </test-method> <!-- verifySuccessfullSignUpAction -->
        <test-method is-config="true" signature="tearDown()[pri:0, instance:local.HLVTestApp.loginandsignuptests.PositiveLoginTest@1ea9f6af]" started-at="2021-09-10T00:47:16 CEST" name="tearDown" finished-at="2021-09-10T00:47:17 CEST" duration-ms="668" status="PASS">
          <reporter-output>
          </reporter-output>
        </test-method> <!-- tearDown -->
      </class> <!-- local.HLVTestApp.loginandsignuptests.PositiveLoginTest -->
    </test> <!-- Default test -->
  </suite> <!-- Default suite -->
</testng-results>
