<?xml version="1.0" encoding="UTF-8"?>
<!-- Generated by org.testng.reporters.JUnitXMLReporter -->
<testsuite ignored="0" hostname="Aleksandar" failures="3" tests="3" name="ExternalLoginLinkTest1-CH" time="7.42" errors="0" timestamp="2021-09-15T21:19:02 CEST">
  <testcase classname="local.HLVTestApp.loginandsignuptests.ExternalLoginLinkTests" name="verifyLinkToSocialNetwork" time="0.336">
    <failure type="java.lang.AssertionError" message="expected [https://www.facebook.com/] but found [http://localhost:8080/#]">
      <![CDATA[java.lang.AssertionError: expected [https://www.facebook.com/] but found [http://localhost:8080/#]
at local.HLVTestApp.loginandsignuptests.ExternalLoginLinkTests.verifyLinkToSocialNetwork(ExternalLoginLinkTests.java:42)
at java.base/java.util.ArrayList.forEach(ArrayList.java:1541)
... Removed 35 stack frames]]>
    </failure>
  </testcase> <!-- verifyLinkToSocialNetwork -->
  <testcase classname="local.HLVTestApp.loginandsignuptests.ExternalLoginLinkTests" name="verifyLinkToSocialNetwork" time="0.396">
    <failure type="java.lang.AssertionError" message="expected [https://twitter.com/] but found [http://localhost:8080/#]">
      <![CDATA[java.lang.AssertionError: expected [https://twitter.com/] but found [http://localhost:8080/#]
at local.HLVTestApp.loginandsignuptests.ExternalLoginLinkTests.verifyLinkToSocialNetwork(ExternalLoginLinkTests.java:42)
at java.base/java.util.ArrayList.forEach(ArrayList.java:1541)
... Removed 35 stack frames]]>
    </failure>
  </testcase> <!-- verifyLinkToSocialNetwork -->
  <testcase classname="local.HLVTestApp.loginandsignuptests.ExternalLoginLinkTests" name="verifyLinkToSocialNetwork" time="0.241">
    <failure type="java.lang.AssertionError" message="expected [https://www.plus.google.com/] but found [http://localhost:8080/#]">
      <![CDATA[java.lang.AssertionError: expected [https://www.plus.google.com/] but found [http://localhost:8080/#]
at local.HLVTestApp.loginandsignuptests.ExternalLoginLinkTests.verifyLinkToSocialNetwork(ExternalLoginLinkTests.java:42)
at java.base/java.util.ArrayList.forEach(ArrayList.java:1541)
... Removed 35 stack frames]]>
    </failure>
  </testcase> <!-- verifyLinkToSocialNetwork -->
</testsuite> <!-- ExternalLoginLinkTest1-CH -->
