<?xml version="1.0" encoding="UTF-8"?>
<!-- Generated by org.testng.reporters.JUnitXMLReporter -->
<testsuite ignored="0" hostname="SIXNS289" failures="3" tests="3" name="ExternalLoginLinkTest2-FF" time="11.986" errors="0" timestamp="2021-09-16T11:12:11 CEST">
  <testcase classname="local.HLVTestApp.loginandsignuptests.ExternalLoginLinkTests" name="verifyLinkToSocialNetwork" time="0.352">
    <failure type="java.lang.AssertionError" message="expected [https://www.facebook.com/] but found [http://localhost:8080/#]">
      <![CDATA[java.lang.AssertionError: expected [https://www.facebook.com/] but found [http://localhost:8080/#]
at local.HLVTestApp.loginandsignuptests.ExternalLoginLinkTests.verifyLinkToSocialNetwork(ExternalLoginLinkTests.java:46)
at java.base/java.util.ArrayList.forEach(ArrayList.java:1511)
... Removed 34 stack frames]]>
    </failure>
  </testcase> <!-- verifyLinkToSocialNetwork -->
  <testcase classname="local.HLVTestApp.loginandsignuptests.ExternalLoginLinkTests" name="verifyLinkToSocialNetwork" time="0.339">
    <failure type="java.lang.AssertionError" message="expected [https://twitter.com/] but found [http://localhost:8080/#]">
      <![CDATA[java.lang.AssertionError: expected [https://twitter.com/] but found [http://localhost:8080/#]
at local.HLVTestApp.loginandsignuptests.ExternalLoginLinkTests.verifyLinkToSocialNetwork(ExternalLoginLinkTests.java:46)
at java.base/java.util.ArrayList.forEach(ArrayList.java:1511)
... Removed 34 stack frames]]>
    </failure>
  </testcase> <!-- verifyLinkToSocialNetwork -->
  <testcase classname="local.HLVTestApp.loginandsignuptests.ExternalLoginLinkTests" name="verifyLinkToSocialNetwork" time="0.28">
    <failure type="java.lang.AssertionError" message="expected [https://www.plus.google.com/] but found [http://localhost:8080/#]">
      <![CDATA[java.lang.AssertionError: expected [https://www.plus.google.com/] but found [http://localhost:8080/#]
at local.HLVTestApp.loginandsignuptests.ExternalLoginLinkTests.verifyLinkToSocialNetwork(ExternalLoginLinkTests.java:46)
at java.base/java.util.ArrayList.forEach(ArrayList.java:1511)
... Removed 34 stack frames]]>
    </failure>
  </testcase> <!-- verifyLinkToSocialNetwork -->
</testsuite> <!-- ExternalLoginLinkTest2-FF -->
