<?xml version="1.0" encoding="UTF-8"?>
<!-- Generated by org.testng.reporters.JUnitXMLReporter -->
<testsuite ignored="0" hostname="Aleksandar" failures="3" tests="6" name="NegativeLoginTest-CH" time="17.777" errors="0" timestamp="2021-09-16T17:36:47 CEST">
  <testcase classname="local.HLVTestApp.loginandsignuptests.NegativeLoginTests" name="verifyUnsuccessfulLoginActionOnLoginPage" time="3.3"/>
  <testcase classname="local.HLVTestApp.loginandsignuptests.NegativeLoginTests" name="verifyUnsuccessfulLoginActionOnLoginPage" time="0.695"/>
  <testcase classname="local.HLVTestApp.loginandsignuptests.NegativeLoginTests" name="verifyUnsuccessfulLoginActionOnLoginPage" time="0.678"/>
  <testcase classname="local.HLVTestApp.loginandsignuptests.NegativeLoginTests" name="verifyUnsuccessfulLoginActionOnMainPage" time="0.404">
    <failure type="java.lang.AssertionError" message="expected [http://localhost:8080/login] but found [http://localhost:8080/?username=incorrectUsername&amp;amp;password=testPassword1]">
      <![CDATA[java.lang.AssertionError: expected [http://localhost:8080/login] but found [http://localhost:8080/?username=incorrectUsername&password=testPassword1]
at local.HLVTestApp.loginandsignuptests.NegativeLoginTests.verifyUnsuccessfulLoginActionOnMainPage(NegativeLoginTests.java:37)
at java.base/java.util.ArrayList.forEach(ArrayList.java:1541)
... Removed 35 stack frames]]>
    </failure>
  </testcase> <!-- verifyUnsuccessfulLoginActionOnMainPage -->
  <testcase classname="local.HLVTestApp.loginandsignuptests.NegativeLoginTests" name="verifyUnsuccessfulLoginActionOnMainPage" time="0.383">
    <failure type="java.lang.AssertionError" message="expected [http://localhost:8080/login] but found [http://localhost:8080/?username=testUsername1&amp;amp;password=incorrectPassword]">
      <![CDATA[java.lang.AssertionError: expected [http://localhost:8080/login] but found [http://localhost:8080/?username=testUsername1&password=incorrectPassword]
at local.HLVTestApp.loginandsignuptests.NegativeLoginTests.verifyUnsuccessfulLoginActionOnMainPage(NegativeLoginTests.java:37)
at java.base/java.util.ArrayList.forEach(ArrayList.java:1541)
... Removed 35 stack frames]]>
    </failure>
  </testcase> <!-- verifyUnsuccessfulLoginActionOnMainPage -->
  <testcase classname="local.HLVTestApp.loginandsignuptests.NegativeLoginTests" name="verifyUnsuccessfulLoginActionOnMainPage" time="0.394">
    <failure type="java.lang.AssertionError" message="expected [http://localhost:8080/login] but found [http://localhost:8080/?username=incorrectUsername&amp;amp;password=incorrectPassword]">
      <![CDATA[java.lang.AssertionError: expected [http://localhost:8080/login] but found [http://localhost:8080/?username=incorrectUsername&password=incorrectPassword]
at local.HLVTestApp.loginandsignuptests.NegativeLoginTests.verifyUnsuccessfulLoginActionOnMainPage(NegativeLoginTests.java:37)
at java.base/java.util.ArrayList.forEach(ArrayList.java:1541)
... Removed 35 stack frames]]>
    </failure>
  </testcase> <!-- verifyUnsuccessfulLoginActionOnMainPage -->
</testsuite> <!-- NegativeLoginTest-CH -->
