<?xml version="1.0" encoding="UTF-8"?>
<!-- Generated by org.testng.reporters.JUnitXMLReporter -->
<testsuite ignored="0" hostname="SIXNS289" failures="2" tests="2" name="UserRegistrationTest1-CH" time="7.227" errors="0" timestamp="2021-09-14T00:20:43 CEST">
  <testcase classname="local.HLVTestApp.loginandsignuptests.PositiveSignUpTests" name="verifySuccessfulSignUpAction" time="0.847">
    <failure type="java.lang.AssertionError" message="expected [Oops! There is already a user registered with the email provided.] but found [User has been successfully registered.]">
      <![CDATA[java.lang.AssertionError: expected [Oops! There is already a user registered with the email provided.] but found [User has been successfully registered.]
at local.HLVTestApp.loginandsignuptests.PositiveSignUpTests.verifySuccessfulSignUpAction(PositiveSignUpTests.java:50)
at java.base/java.util.ArrayList.forEach(ArrayList.java:1511)
at java.base/java.util.concurrent.FutureTask.run(FutureTask.java:264)
at java.base/java.util.concurrent.ThreadPoolExecutor.runWorker(ThreadPoolExecutor.java:1130)
at java.base/java.util.concurrent.ThreadPoolExecutor$Worker.run(ThreadPoolExecutor.java:630)
at java.base/java.lang.Thread.run(Thread.java:832)
... Removed 24 stack frames]]>
    </failure>
  </testcase> <!-- verifySuccessfulSignUpAction -->
  <testcase classname="local.HLVTestApp.loginandsignuptests.PositiveSignUpTests" name="verifySuccessfulSignUpAction" time="0.834">
    <failure type="java.lang.AssertionError" message="expected [Oops! There is already a user registered with the email provided.] but found [User has been successfully registered.]">
      <![CDATA[java.lang.AssertionError: expected [Oops! There is already a user registered with the email provided.] but found [User has been successfully registered.]
at local.HLVTestApp.loginandsignuptests.PositiveSignUpTests.verifySuccessfulSignUpAction(PositiveSignUpTests.java:50)
at java.base/java.util.ArrayList.forEach(ArrayList.java:1511)
at java.base/java.util.concurrent.FutureTask.run(FutureTask.java:264)
at java.base/java.util.concurrent.ThreadPoolExecutor.runWorker(ThreadPoolExecutor.java:1130)
at java.base/java.util.concurrent.ThreadPoolExecutor$Worker.run(ThreadPoolExecutor.java:630)
at java.base/java.lang.Thread.run(Thread.java:832)
... Removed 24 stack frames]]>
    </failure>
  </testcase> <!-- verifySuccessfulSignUpAction -->
</testsuite> <!-- UserRegistrationTest1-CH -->
