<?xml version="1.0" encoding="UTF-8"?>
<!-- Generated by org.testng.reporters.JUnitXMLReporter -->
<testsuite ignored="0" hostname="SIXNS289" failures="1" tests="2" name="UserRegistrationTest4-FF" time="13.895" errors="0" timestamp="2021-09-13T00:55:09 CEST">
  <testcase classname="local.HLVTestApp.loginandsignuptests.PositiveSignUpTests" name="verifySuccessfullSignUpAction" time="1.169">
    <failure type="org.openqa.selenium.StaleElementReferenceException" message="The element reference of &amp;lt;a class=&amp;quot;btn&amp;quot; href=&amp;quot;signup&amp;quot;&amp;gt; is stale; either the element is no longer attached to the DOM, it is not in the current frame context, or the document has been refreshed
For documentation on this error, please visit: https://selenium.dev/exceptions/#stale_element_reference
Build info: version: &amp;apos;4.0.0-beta-4&amp;apos;, revision: &amp;apos;29f46d02dd&amp;apos;
System info: host: &amp;apos;SIXNS289&amp;apos;, ip: &amp;apos;192.168.41.24&amp;apos;, os.name: &amp;apos;Windows 10&amp;apos;, os.arch: &amp;apos;amd64&amp;apos;, os.version: &amp;apos;10.0&amp;apos;, java.version: &amp;apos;15&amp;apos;
Driver info: org.openqa.selenium.firefox.FirefoxDriver
Command: [28307fb7-d364-432b-88c4-9a4ecfe94f80, clickElement {id=1af4915c-4666-4fb9-8b62-835d239751ec}]
Capabilities {acceptInsecureCerts: true, browserName: firefox, browserVersion: 92.0, javascriptEnabled: true, moz:accessibilityChecks: false, moz:buildID: 20210903235534, moz:debuggerAddress: localhost:60960, moz:geckodriverVersion: 0.29.1, moz:headless: false, moz:processID: 12472, moz:profile: C:\Users\atatalovic\AppData..., moz:shutdownTimeout: 60000, moz:useNonSpecCompliantPointerOrigin: false, moz:webdriverClick: true, pageLoadStrategy: normal, platform: WINDOWS, platformName: WINDOWS, platformVersion: 10.0, proxy: Proxy(), se:cdp: ws://localhost:60960/devtoo..., se:cdpVersion: 85, setWindowRect: true, strictFileInteractability: false, timeouts: {implicit: 0, pageLoad: 300000, script: 30000}, unhandledPromptBehavior: dismiss and notify}
Element: [[FirefoxDriver: firefox on WINDOWS (28307fb7-d364-432b-88c4-9a4ecfe94f80)] -&amp;gt; css selector: a[href = &amp;apos;signup&amp;apos;]]
Session ID: 28307fb7-d364-432b-88c4-9a4ecfe94f80">
      <![CDATA[org.openqa.selenium.StaleElementReferenceException: The element reference of <a class="btn" href="signup"> is stale; either the element is no longer attached to the DOM, it is not in the current frame context, or the document has been refreshed
For documentation on this error, please visit: https://selenium.dev/exceptions/#stale_element_reference
Build info: version: '4.0.0-beta-4', revision: '29f46d02dd'
System info: host: 'SIXNS289', ip: '192.168.41.24', os.name: 'Windows 10', os.arch: 'amd64', os.version: '10.0', java.version: '15'
Driver info: org.openqa.selenium.firefox.FirefoxDriver
Command: [28307fb7-d364-432b-88c4-9a4ecfe94f80, clickElement {id=1af4915c-4666-4fb9-8b62-835d239751ec}]
Capabilities {acceptInsecureCerts: true, browserName: firefox, browserVersion: 92.0, javascriptEnabled: true, moz:accessibilityChecks: false, moz:buildID: 20210903235534, moz:debuggerAddress: localhost:60960, moz:geckodriverVersion: 0.29.1, moz:headless: false, moz:processID: 12472, moz:profile: C:\Users\atatalovic\AppData..., moz:shutdownTimeout: 60000, moz:useNonSpecCompliantPointerOrigin: false, moz:webdriverClick: true, pageLoadStrategy: normal, platform: WINDOWS, platformName: WINDOWS, platformVersion: 10.0, proxy: Proxy(), se:cdp: ws://localhost:60960/devtoo..., se:cdpVersion: 85, setWindowRect: true, strictFileInteractability: false, timeouts: {implicit: 0, pageLoad: 300000, script: 30000}, unhandledPromptBehavior: dismiss and notify}
Element: [[FirefoxDriver: firefox on WINDOWS (28307fb7-d364-432b-88c4-9a4ecfe94f80)] -> css selector: a[href = 'signup']]
Session ID: 28307fb7-d364-432b-88c4-9a4ecfe94f80
at org.openqa.selenium.remote.codec.w3c.W3CHttpResponseCodec.createException(W3CHttpResponseCodec.java:200)
at org.openqa.selenium.remote.codec.w3c.W3CHttpResponseCodec.decode(W3CHttpResponseCodec.java:133)
at org.openqa.selenium.remote.codec.w3c.W3CHttpResponseCodec.decode(W3CHttpResponseCodec.java:53)
at org.openqa.selenium.remote.HttpCommandExecutor.execute(HttpCommandExecutor.java:184)
at org.openqa.selenium.remote.service.DriverCommandExecutor.invokeExecute(DriverCommandExecutor.java:162)
at org.openqa.selenium.remote.service.DriverCommandExecutor.execute(DriverCommandExecutor.java:137)
at org.openqa.selenium.remote.RemoteWebDriver.execute(RemoteWebDriver.java:612)
at org.openqa.selenium.remote.RemoteWebElement.execute(RemoteWebElement.java:235)
at org.openqa.selenium.remote.RemoteWebElement.click(RemoteWebElement.java:73)
at local.HLVTestApp.pages.BasePageObject.click(BasePageObject.java:39)
at local.HLVTestApp.pages.ResponsiveSocialLoginFormPageObject.clickOnSignUpButton(ResponsiveSocialLoginFormPageObject.java:58)
at local.HLVTestApp.loginandsignuptests.PositiveSignUpTests.verifySuccessfullSignUpAction(PositiveSignUpTests.java:25)
at java.base/java.util.ArrayList.forEach(ArrayList.java:1511)
at java.base/java.util.concurrent.FutureTask.run(FutureTask.java:264)
at java.base/java.util.concurrent.ThreadPoolExecutor.runWorker(ThreadPoolExecutor.java:1130)
at java.base/java.util.concurrent.ThreadPoolExecutor$Worker.run(ThreadPoolExecutor.java:630)
at java.base/java.lang.Thread.run(Thread.java:832)
... Removed 23 stack frames]]>
    </failure>
  </testcase> <!-- verifySuccessfullSignUpAction -->
  <testcase classname="local.HLVTestApp.loginandsignuptests.NegativeSignUpTests" name="verifyUnsuccessfullSignUpAction" time="0.0">
    <skipped/>
  </testcase> <!-- verifyUnsuccessfullSignUpAction -->
</testsuite> <!-- UserRegistrationTest4-FF -->
