<?xml version="1.0" encoding="UTF-8"?>
<!-- Generated by org.testng.reporters.JUnitXMLReporter -->
<testsuite ignored="1" hostname="Aleksandar" failures="0" tests="0" name="UserRegistrationTest1-CH" time="0.052" errors="0" timestamp="2021-09-15T16:08:01 CEST">
  <testcase classname="local.HLVTestApp.loginandsignuptests.PositiveSignUpTests" name="verifySuccessfulSignUpActionFirefox" time="0.0">
    <ignored/>
  </testcase> <!-- verifySuccessfulSignUpActionFirefox -->
</testsuite> <!-- UserRegistrationTest1-CH -->
